<?xml version="1.0" encoding="UTF-8"?>
<!-- Generated by org.testng.reporters.JUnitXMLReporter -->
<testsuite ignored="3" hostname="DESKTOP-MUG13MS" failures="0" tests="5" name="Chrome Test" time="176.781" errors="0" timestamp="21 Jan 2020 09:25:52 GMT">
  <testcase classname="AdminSuite.MyAccount_002_AddMailExtentions" name="verify_MyAccount_002_AddMailExtentions_Test" time="30.514"/>
  <testcase classname="SanitySuite.Admin_MyAccount_001_AddMailExtentions" name="verify_Admin_MyAccount_001_AddMailExtentions_Test" time="30.405"/>
  <testcase classname="AdminSuite.MyAccount_003_ViewMailExtentions" name="verify_MyAccount_003_ViewMailExtentions_Test" time="25.504"/>
  <testcase classname="AdminSuite.MyAccount_003_ViewMailExtentions" name="verify_MyAccount_003_ViewMailExtentions_Test" time="25.428"/>
  <testcase classname="AdminSuite.LoginTest" name="verifyLoginTest" time="14.116"/>
  <testcase classname="BasePackage.BaseTest" name="@AfterTest copyFile" time="0.0">
    <ignored/>
  </testcase> <!-- @AfterTest copyFile -->
  <testcase classname="BasePackage.BaseTest" name="@AfterTest copyFile" time="0.0">
    <ignored/>
  </testcase> <!-- @AfterTest copyFile -->
  <testcase classname="BasePackage.BaseTest" name="@AfterTest copyFile" time="0.0">
    <ignored/>
  </testcase> <!-- @AfterTest copyFile -->
</testsuite> <!-- Chrome Test -->
