<?xml version="1.0" encoding="UTF-8"?>
<testng-results ignored="3" total="8" passed="5" failed="0" skipped="0">
  <reporter-output>
  </reporter-output>
  <suite started-at="2020-01-20T12:37:16Z" name="Suite" finished-at="2020-01-20T12:40:01Z" duration-ms="164774">
    <groups>
    </groups>
    <test started-at="2020-01-20T12:37:16Z" name="Chrome Test" finished-at="2020-01-20T12:40:01Z" duration-ms="164774">
      <class name="SanitySuite.Admin_MyAccount_001_AddMailExtentions">
        <test-method is-config="true" signature="ReportStart()[pri:0, instance:SanitySuite.Admin_MyAccount_001_AddMailExtentions@ed7f8b4]" started-at="2020-01-20T12:37:56Z" name="ReportStart" finished-at="2020-01-20T12:37:58Z" duration-ms="2472" status="PASS">
          <reporter-output>
          </reporter-output>
        </test-method> <!-- ReportStart -->
        <test-method is-config="true" signature="setup(java.lang.String)[pri:0, instance:SanitySuite.Admin_MyAccount_001_AddMailExtentions@ed7f8b4]" started-at="2020-01-20T12:37:58Z" name="setup" finished-at="2020-01-20T12:38:05Z" duration-ms="7106" status="PASS">
          <params>
            <param index="0">
              <value>
                <![CDATA[chrome]]>
              </value>
            </param>
          </params>
          <reporter-output>
          </reporter-output>
        </test-method> <!-- setup -->
        <test-method signature="verify_Admin_MyAccount_001_AddMailExtentions_Test(java.lang.String, java.lang.String, java.lang.String)[pri:0, instance:SanitySuite.Admin_MyAccount_001_AddMailExtentions@ed7f8b4]" started-at="2020-01-20T12:38:05Z" name="verify_Admin_MyAccount_001_AddMailExtentions_Test" data-provider="ARData" finished-at="2020-01-20T12:38:34Z" duration-ms="28855" status="PASS">
          <params>
            <param index="0">
              <value>
                <![CDATA[Jan20sanitymail2.com]]>
              </value>
            </param>
            <param index="1">
              <value>
                <![CDATA[MailinatorSampleMail2]]>
              </value>
            </param>
            <param index="2">
              <value>
                <![CDATA[Mail Extension changes have been saved successfully.]]>
              </value>
            </param>
          </params>
          <reporter-output>
          </reporter-output>
        </test-method> <!-- verify_Admin_MyAccount_001_AddMailExtentions_Test -->
        <test-method is-config="true" signature="teardown()[pri:0, instance:SanitySuite.Admin_MyAccount_001_AddMailExtentions@ed7f8b4]" started-at="2020-01-20T12:38:34Z" name="teardown" finished-at="2020-01-20T12:38:34Z" duration-ms="115" status="PASS">
          <reporter-output>
          </reporter-output>
        </test-method> <!-- teardown -->
      </class> <!-- SanitySuite.Admin_MyAccount_001_AddMailExtentions -->
      <class name="AdminSuite.MyAccount_003_ViewMailExtentions">
        <test-method is-config="true" signature="ReportStart()[pri:0, instance:AdminSuite.MyAccount_003_ViewMailExtentions@4c309d4d]" started-at="2020-01-20T12:38:34Z" name="ReportStart" finished-at="2020-01-20T12:38:37Z" duration-ms="2377" status="PASS">
          <reporter-output>
          </reporter-output>
        </test-method> <!-- ReportStart -->
        <test-method is-config="true" signature="setup(java.lang.String)[pri:0, instance:AdminSuite.MyAccount_003_ViewMailExtentions@4c309d4d]" started-at="2020-01-20T12:38:37Z" name="setup" finished-at="2020-01-20T12:38:44Z" duration-ms="6968" status="PASS">
          <params>
            <param index="0">
              <value>
                <![CDATA[chrome]]>
              </value>
            </param>
          </params>
          <reporter-output>
          </reporter-output>
        </test-method> <!-- setup -->
        <test-method signature="verify_MyAccount_003_ViewMailExtentions_Test(java.lang.String)[pri:0, instance:AdminSuite.MyAccount_003_ViewMailExtentions@4c309d4d]" started-at="2020-01-20T12:38:44Z" name="verify_MyAccount_003_ViewMailExtentions_Test" data-provider="ARData" finished-at="2020-01-20T12:39:09Z" duration-ms="25172" status="PASS">
          <params>
            <param index="0">
              <value>
                <![CDATA[Jan20sanitymail1.com-MailinatorSampleMail1]]>
              </value>
            </param>
          </params>
          <reporter-output>
          </reporter-output>
        </test-method> <!-- verify_MyAccount_003_ViewMailExtentions_Test -->
        <test-method is-config="true" signature="teardown()[pri:0, instance:AdminSuite.MyAccount_003_ViewMailExtentions@4c309d4d]" started-at="2020-01-20T12:39:09Z" name="teardown" finished-at="2020-01-20T12:39:09Z" duration-ms="72" status="PASS">
          <reporter-output>
          </reporter-output>
        </test-method> <!-- teardown -->
        <test-method is-config="true" signature="setup(java.lang.String)[pri:0, instance:AdminSuite.MyAccount_003_ViewMailExtentions@4c309d4d]" started-at="2020-01-20T12:39:09Z" name="setup" finished-at="2020-01-20T12:39:15Z" duration-ms="6451" status="PASS">
          <params>
            <param index="0">
              <value>
                <![CDATA[chrome]]>
              </value>
            </param>
          </params>
          <reporter-output>
          </reporter-output>
        </test-method> <!-- setup -->
        <test-method signature="verify_MyAccount_003_ViewMailExtentions_Test(java.lang.String)[pri:0, instance:AdminSuite.MyAccount_003_ViewMailExtentions@4c309d4d]" started-at="2020-01-20T12:39:15Z" name="verify_MyAccount_003_ViewMailExtentions_Test" data-provider="ARData" finished-at="2020-01-20T12:39:41Z" duration-ms="25128" status="PASS">
          <params>
            <param index="0">
              <value>
                <![CDATA[Jan20sanitymail2.com-MailinatorSampleMail2]]>
              </value>
            </param>
          </params>
          <reporter-output>
          </reporter-output>
        </test-method> <!-- verify_MyAccount_003_ViewMailExtentions_Test -->
        <test-method is-config="true" signature="teardown()[pri:0, instance:AdminSuite.MyAccount_003_ViewMailExtentions@4c309d4d]" started-at="2020-01-20T12:39:41Z" name="teardown" finished-at="2020-01-20T12:39:41Z" duration-ms="69" status="PASS">
          <reporter-output>
          </reporter-output>
        </test-method> <!-- teardown -->
      </class> <!-- AdminSuite.MyAccount_003_ViewMailExtentions -->
      <class name="AdminSuite.LoginTest">
        <test-method is-config="true" signature="ReportStart()[pri:0, instance:AdminSuite.LoginTest@38102d01]" started-at="2020-01-20T12:39:41Z" name="ReportStart" finished-at="2020-01-20T12:39:43Z" duration-ms="2424" status="PASS">
          <reporter-output>
          </reporter-output>
        </test-method> <!-- ReportStart -->
        <test-method is-config="true" signature="setup(java.lang.String)[pri:0, instance:AdminSuite.LoginTest@38102d01]" started-at="2020-01-20T12:39:43Z" name="setup" finished-at="2020-01-20T12:39:50Z" duration-ms="6865" status="PASS">
          <params>
            <param index="0">
              <value>
                <![CDATA[chrome]]>
              </value>
            </param>
          </params>
          <reporter-output>
          </reporter-output>
        </test-method> <!-- setup -->
        <test-method signature="verifyLoginTest(java.lang.String, java.lang.String, java.lang.String)[pri:0, instance:AdminSuite.LoginTest@38102d01]" started-at="2020-01-20T12:39:50Z" name="verifyLoginTest" data-provider="ARData" finished-at="2020-01-20T12:40:00Z" duration-ms="10481" status="PASS">
          <params>
            <param index="0">
              <value>
                <![CDATA[AutoRABIT Login]]>
              </value>
            </param>
            <param index="1">
              <value>
                <![CDATA[AutoRABIT]]>
              </value>
            </param>
            <param index="2">
              <value>
                <![CDATA[Sreekanth Bandi]]>
              </value>
            </param>
          </params>
          <reporter-output>
          </reporter-output>
        </test-method> <!-- verifyLoginTest -->
        <test-method is-config="true" signature="teardown()[pri:0, instance:AdminSuite.LoginTest@38102d01]" started-at="2020-01-20T12:40:00Z" name="teardown" finished-at="2020-01-20T12:40:00Z" duration-ms="56" status="PASS">
          <reporter-output>
          </reporter-output>
        </test-method> <!-- teardown -->
      </class> <!-- AdminSuite.LoginTest -->
      <class name="AdminSuite.MyAccount_002_AddMailExtentions">
        <test-method is-config="true" signature="ReportStart()[pri:0, instance:AdminSuite.MyAccount_002_AddMailExtentions@37271612]" started-at="2020-01-20T12:37:16Z" name="ReportStart" finished-at="2020-01-20T12:37:20Z" duration-ms="3458" status="PASS">
          <reporter-output>
          </reporter-output>
        </test-method> <!-- ReportStart -->
        <test-method is-config="true" signature="setup(java.lang.String)[pri:0, instance:AdminSuite.MyAccount_002_AddMailExtentions@37271612]" started-at="2020-01-20T12:37:21Z" name="setup" finished-at="2020-01-20T12:37:27Z" duration-ms="6608" status="PASS">
          <params>
            <param index="0">
              <value>
                <![CDATA[chrome]]>
              </value>
            </param>
          </params>
          <reporter-output>
          </reporter-output>
        </test-method> <!-- setup -->
        <test-method signature="verify_MyAccount_002_AddMailExtentions_Test(java.lang.String, java.lang.String, java.lang.String)[pri:0, instance:AdminSuite.MyAccount_002_AddMailExtentions@37271612]" started-at="2020-01-20T12:37:27Z" name="verify_MyAccount_002_AddMailExtentions_Test" data-provider="ARData" finished-at="2020-01-20T12:37:56Z" duration-ms="28484" status="PASS">
          <params>
            <param index="0">
              <value>
                <![CDATA[Jan20sanitymail1.com]]>
              </value>
            </param>
            <param index="1">
              <value>
                <![CDATA[MailinatorSampleMail1]]>
              </value>
            </param>
            <param index="2">
              <value>
                <![CDATA[Mail Extension changes have been saved successfully.]]>
              </value>
            </param>
          </params>
          <reporter-output>
          </reporter-output>
        </test-method> <!-- verify_MyAccount_002_AddMailExtentions_Test -->
        <test-method is-config="true" signature="teardown()[pri:0, instance:AdminSuite.MyAccount_002_AddMailExtentions@37271612]" started-at="2020-01-20T12:37:56Z" name="teardown" finished-at="2020-01-20T12:37:56Z" duration-ms="84" status="PASS">
          <reporter-output>
          </reporter-output>
        </test-method> <!-- teardown -->
        <test-method is-config="true" signature="copyFile()[pri:0, instance:AdminSuite.MyAccount_002_AddMailExtentions@37271612]" started-at="2020-01-20T12:40:00Z" name="copyFile" finished-at="2020-01-20T12:40:01Z" duration-ms="765" status="PASS">
          <reporter-output>
          </reporter-output>
        </test-method> <!-- copyFile -->
      </class> <!-- AdminSuite.MyAccount_002_AddMailExtentions -->
    </test> <!-- Chrome Test -->
  </suite> <!-- Suite -->
</testng-results>
