<?xml version="1.0" encoding="UTF-8"?>
<testng-results skipped="0" failed="0" ignored="0" total="1" passed="1">
  <reporter-output>
  </reporter-output>
  <suite name="Suite" duration-ms="3061467" started-at="2020-01-31T08:34:27Z" finished-at="2020-01-31T09:25:29Z">
    <groups>
    </groups>
    <test name="Chrome Test" duration-ms="3061467" started-at="2020-01-31T08:34:27Z" finished-at="2020-01-31T09:25:29Z">
      <class name="AdminSuite.LoginTest">
        <test-method status="PASS" signature="ServiceStart(java.lang.String)[pri:0, instance:AdminSuite.LoginTest@7ed7259e]" name="ServiceStart" is-config="true" duration-ms="1747874" started-at="2020-01-31T08:34:27Z" finished-at="2020-01-31T09:03:35Z">
          <params>
            <param index="0">
              <value>
                <![CDATA[chrome]]>
              </value>
            </param>
          </params>
          <reporter-output>
          </reporter-output>
        </test-method> <!-- ServiceStart -->
        <test-method status="PASS" signature="setup(java.lang.String)[pri:0, instance:AdminSuite.LoginTest@7ed7259e]" name="setup" is-config="true" duration-ms="295855" started-at="2020-01-31T09:04:11Z" finished-at="2020-01-31T09:09:07Z">
          <params>
            <param index="0">
              <value>
                <![CDATA[chrome]]>
              </value>
            </param>
          </params>
          <reporter-output>
          </reporter-output>
        </test-method> <!-- setup -->
        <test-method status="PASS" signature="verifyLoginTest(java.lang.String, java.lang.String, java.lang.String)[pri:0, instance:AdminSuite.LoginTest@7ed7259e]" name="verifyLoginTest" duration-ms="668416" started-at="2020-01-31T09:09:07Z" data-provider="ARData" finished-at="2020-01-31T09:20:16Z">
          <params>
            <param index="0">
              <value>
                <![CDATA[AutoRABIT Login]]>
              </value>
            </param>
            <param index="1">
              <value>
                <![CDATA[AutoRABIT]]>
              </value>
            </param>
            <param index="2">
              <value>
                <![CDATA[Sreekanth Bandi]]>
              </value>
            </param>
          </params>
          <reporter-output>
          </reporter-output>
        </test-method> <!-- verifyLoginTest -->
        <test-method status="PASS" signature="teardown()[pri:0, instance:AdminSuite.LoginTest@7ed7259e]" name="teardown" is-config="true" duration-ms="14864" started-at="2020-01-31T09:20:16Z" finished-at="2020-01-31T09:20:31Z">
          <reporter-output>
          </reporter-output>
        </test-method> <!-- teardown -->
        <test-method status="PASS" signature="copyFile()[pri:0, instance:AdminSuite.LoginTest@7ed7259e]" name="copyFile" is-config="true" duration-ms="298279" started-at="2020-01-31T09:20:31Z" finished-at="2020-01-31T09:25:29Z">
          <reporter-output>
          </reporter-output>
        </test-method> <!-- copyFile -->
      </class> <!-- AdminSuite.LoginTest -->
    </test> <!-- Chrome Test -->
  </suite> <!-- Suite -->
</testng-results>
